Build started 27/04/2015 17:21:51.
     1>Project "T:\Year2\Graphics2\GFXiiFramework\GFXiiFramework\GFXiiFramework.vcxproj" on node 2 (Build target(s)).
     1>ClCompile:
         C:\Program Files (x86)\Microsoft Visual Studio 12.0\VC\bin\CL.exe /c /Zi /nologo /W3 /WX- /sdl /O2 /Oi /Oy- /GL /D WIN32 /D NDEBUG /D _WINDOWS /D _UNICODE /D UNICODE /Gm- /EHsc /MD /GS /Gy /fp:precise /Zc:wchar_t /Zc:forScope /Fo"Release\\" /Fd"Release\vc120.pdb" /Gd /TP /analyze- /errorReport:prompt BaseApplication.cpp
         BaseApplication.cpp
     1>BaseApplication.cpp(120): warning C4101: 'wmId' : unreferenced local variable
     1>BaseApplication.cpp(120): warning C4101: 'wmEvent' : unreferenced local variable
       Link:
         C:\Program Files (x86)\Microsoft Visual Studio 12.0\VC\bin\link.exe /ERRORREPORT:PROMPT /OUT:"T:\Year2\Graphics2\GFXiiFramework\Release\GFXiiFramework.exe" /INCREMENTAL:NO /NOLOGO kernel32.lib user32.lib gdi32.lib winspool.lib comdlg32.lib advapi32.lib shell32.lib ole32.lib oleaut32.lib uuid.lib odbc32.lib odbccp32.lib /MANIFEST /MANIFESTUAC:"level='asInvoker' uiAccess='false'" /manifest:embed /DEBUG /PDB:"T:\Year2\Graphics2\GFXiiFramework\Release\GFXiiFramework.pdb" /SUBSYSTEM:WINDOWS /OPT:REF /OPT:ICF /LTCG /TLBID:1 /DYNAMICBASE /NXCOMPAT /IMPLIB:"T:\Year2\Graphics2\GFXiiFramework\Release\GFXiiFramework.lib" /MACHINE:X86 /SAFESEH Release\GFXiiFramework.res
         Release\AIPhysicsObject.obj
         Release\BaseApplication.obj
         Release\camera.obj
         Release\Collider.obj
         Release\GFXiiFramework.obj
         Release\HUD.obj
         Release\ImageIO.obj
         Release\matrix4x4.obj
         Release\OBJFileReader.obj
         Release\OGLBillboard.obj
         Release\OGLMeshCollider.obj
         Release\OGLScene.obj
         Release\OGLSkybox.obj
         Release\OGLSpaceship.obj
         Release\OGLTerrain.obj
         Release\OGLTerrainManager.obj
         Release\OGLCube.obj
         Release\OGLMesh.obj
         Release\OGLShader.obj
         Release\OGLTexture.obj
         Release\OGLWindow.obj
         Release\PhysicsObject.obj
         Release\Player.obj
         Release\quaternion.obj
         Release\Renderable.obj
         Release\Triangle.obj
         Release\Vector3.obj
         GLEW\lib\glew32.lib
         Generating code
         Finished generating code
         GFXiiFramework.vcxproj -> T:\Year2\Graphics2\GFXiiFramework\Release\GFXiiFramework.exe
     1>Done Building Project "T:\Year2\Graphics2\GFXiiFramework\GFXiiFramework\GFXiiFramework.vcxproj" (Build target(s)).

Build succeeded.

Time Elapsed 00:00:03.87
