Build started 05/05/2015 22:59:52.
     1>Project "F:\Documents\1---HEYMRTVMANLOOKIEHERE---1\Work\UNI\year2\Graphics2\Ass2\GFXiiFramework\GFXiiFramework.vcxproj" on node 2 (Build target(s)).
     1>ClCompile:
         C:\Program Files (x86)\Microsoft Visual Studio 12.0\VC\bin\CL.exe /c /ZI /nologo /W3 /WX- /sdl /Od /Oy- /D WIN32 /D _DEBUG /D _WINDOWS /D _UNICODE /D UNICODE /Gm /EHsc /RTC1 /MDd /GS /fp:precise /Zc:wchar_t /Zc:forScope /Fo"Debug\\" /Fd"Debug\vc120.pdb" /Gd /TP /analyze- /errorReport:prompt PhysicsObject.cpp
         PhysicsObject.cpp
     1>f:\documents\1---heymrtvmanlookiehere---1\work\uni\year2\graphics2\ass2\gfxiiframework\physicsobject.cpp(96): warning C4244: '=' : conversion from 'double' to 'float', possible loss of data
     1>f:\documents\1---heymrtvmanlookiehere---1\work\uni\year2\graphics2\ass2\gfxiiframework\physicsobject.cpp(174): warning C4305: 'argument' : truncation from 'double' to 'float'
     1>f:\documents\1---heymrtvmanlookiehere---1\work\uni\year2\graphics2\ass2\gfxiiframework\physicsobject.cpp(272): warning C4244: 'argument' : conversion from 'double' to 'float', possible loss of data
       Link:
         C:\Program Files (x86)\Microsoft Visual Studio 12.0\VC\bin\link.exe /ERRORREPORT:PROMPT /OUT:"F:\Documents\1---HEYMRTVMANLOOKIEHERE---1\Work\UNI\year2\Graphics2\Ass2\Debug\GFXiiFramework.exe" /INCREMENTAL /NOLOGO kernel32.lib user32.lib gdi32.lib winspool.lib comdlg32.lib advapi32.lib shell32.lib ole32.lib oleaut32.lib uuid.lib odbc32.lib odbccp32.lib /MANIFEST /MANIFESTUAC:"level='asInvoker' uiAccess='false'" /manifest:embed /DEBUG /PDB:"F:\Documents\1---HEYMRTVMANLOOKIEHERE---1\Work\UNI\year2\Graphics2\Ass2\Debug\GFXiiFramework.pdb" /SUBSYSTEM:WINDOWS /TLBID:1 /DYNAMICBASE /NXCOMPAT /IMPLIB:"F:\Documents\1---HEYMRTVMANLOOKIEHERE---1\Work\UNI\year2\Graphics2\Ass2\Debug\GFXiiFramework.lib" /MACHINE:X86 Debug\GFXiiFramework.res
         Debug\AIPhysicsObject.obj
         Debug\BaseApplication.obj
         Debug\camera.obj
         Debug\Collider.obj
         Debug\GFXiiFramework.obj
         Debug\HUD.obj
         Debug\ImageIO.obj
         Debug\matrix4x4.obj
         Debug\OBJFileReader.obj
         Debug\OGLBillboard.obj
         Debug\OGLMeshCollider.obj
         Debug\OGLScene.obj
         Debug\OGLSkybox.obj
         Debug\OGLSpaceship.obj
         Debug\OGLTerrain.obj
         Debug\OGLTerrainManager.obj
         Debug\OGLCube.obj
         Debug\OGLMesh.obj
         Debug\OGLShader.obj
         Debug\OGLTexture.obj
         Debug\OGLWindow.obj
         Debug\PhysicsObject.obj
         Debug\Player.obj
         Debug\quaternion.obj
         Debug\Renderable.obj
         Debug\Triangle.obj
         Debug\Vector3.obj
         GLEW\lib\glew32.lib
         GFXiiFramework.vcxproj -> F:\Documents\1---HEYMRTVMANLOOKIEHERE---1\Work\UNI\year2\Graphics2\Ass2\Debug\GFXiiFramework.exe
     1>Done Building Project "F:\Documents\1---HEYMRTVMANLOOKIEHERE---1\Work\UNI\year2\Graphics2\Ass2\GFXiiFramework\GFXiiFramework.vcxproj" (Build target(s)).

Build succeeded.

Time Elapsed 00:00:01.44
